<?xml version="1.0" encoding="UTF-8"?>
<coverage generated="1585354683064" clover="3.2.0">
  <project timestamp="1585354683064" name="All files">
    <metrics statements="24" coveredstatements="7" conditionals="1" coveredconditionals="0" methods="19" coveredmethods="5" elements="44" coveredelements="12" complexity="0" loc="24" ncloc="24" packages="3" files="5" classes="5">
      <package name="actions">
        <metrics statements="14" coveredstatements="5" conditionals="0" coveredconditionals="0" methods="14" coveredmethods="5"/>
        <file name="comments.js" path="D:\os\domains\react-app\src\actions\comments.js">
          <metrics statements="13" coveredstatements="5" conditionals="0" coveredconditionals="0" methods="13" coveredmethods="5"/>
          <line num="6" count="1" type="stmt"/>
          <line num="13" count="0" type="stmt"/>
          <line num="20" count="0" type="stmt"/>
          <line num="27" count="1" type="stmt"/>
          <line num="28" count="1" type="stmt"/>
          <line num="29" count="1" type="stmt"/>
          <line num="30" count="1" type="stmt"/>
          <line num="36" count="0" type="stmt"/>
          <line num="41" count="0" type="stmt"/>
          <line num="42" count="0" type="stmt"/>
          <line num="43" count="0" type="stmt"/>
          <line num="44" count="0" type="stmt"/>
          <line num="45" count="0" type="stmt"/>
        </file>
        <file name="error.js" path="D:\os\domains\react-app\src\actions\error.js">
          <metrics statements="1" coveredstatements="0" conditionals="0" coveredconditionals="0" methods="1" coveredmethods="0"/>
          <line num="4" count="0" type="stmt"/>
        </file>
      </package>
      <package name="constants">
        <metrics statements="2" coveredstatements="2" conditionals="0" coveredconditionals="0" methods="0" coveredmethods="0"/>
        <file name="initialState.js" path="D:\os\domains\react-app\src\constants\initialState.js">
          <metrics statements="0" coveredstatements="0" conditionals="0" coveredconditionals="0" methods="0" coveredmethods="0"/>
        </file>
        <file name="types.js" path="D:\os\domains\react-app\src\constants\types.js">
          <metrics statements="2" coveredstatements="2" conditionals="0" coveredconditionals="0" methods="0" coveredmethods="0"/>
          <line num="1" count="1" type="stmt"/>
          <line num="7" count="1" type="stmt"/>
        </file>
      </package>
      <package name="shared">
        <metrics statements="8" coveredstatements="0" conditionals="1" coveredconditionals="0" methods="5" coveredmethods="0"/>
        <file name="http.js" path="D:\os\domains\react-app\src\shared\http.js">
          <metrics statements="8" coveredstatements="0" conditionals="1" coveredconditionals="0" methods="5" coveredmethods="0"/>
          <line num="4" count="0" type="stmt"/>
          <line num="8" count="0" type="stmt"/>
          <line num="12" count="0" type="stmt"/>
          <line num="13" count="0" type="stmt"/>
          <line num="19" count="0" type="stmt"/>
          <line num="20" count="0" type="stmt"/>
          <line num="24" count="0" type="stmt"/>
          <line num="28" count="0" type="stmt"/>
        </file>
      </package>
    </metrics>
  </project>
</coverage>
