{"D:\\os\\domains\\react-app\\src\\actions\\comments.js": {"path":"D:\\os\\domains\\react-app\\src\\actions\\comments.js","statementMap":{"0":{"start":{"line":6,"column":4},"end":{"line":9,"column":5}},"1":{"start":{"line":13,"column":4},"end":{"line":16,"column":5}},"2":{"start":{"line":20,"column":4},"end":{"line":23,"column":5}},"3":{"start":{"line":27,"column":4},"end":{"line":37,"column":5}},"4":{"start":{"line":28,"column":8},"end":{"line":36,"column":54}},"5":{"start":{"line":29,"column":25},"end":{"line":29,"column":35}},"6":{"start":{"line":30,"column":30},"end":{"line":35,"column":13}},"7":{"start":{"line":36,"column":26},"end":{"line":36,"column":52}},"8":{"start":{"line":41,"column":4},"end":{"line":46,"column":5}},"9":{"start":{"line":42,"column":8},"end":{"line":45,"column":54}},"10":{"start":{"line":43,"column":25},"end":{"line":43,"column":35}},"11":{"start":{"line":44,"column":31},"end":{"line":44,"column":82}},"12":{"start":{"line":45,"column":26},"end":{"line":45,"column":52}}},"fnMap":{"0":{"name":"showComments","decl":{"start":{"line":5,"column":16},"end":{"line":5,"column":28}},"loc":{"start":{"line":5,"column":36},"end":{"line":10,"column":1}},"line":5},"1":{"name":"toggleComments","decl":{"start":{"line":12,"column":16},"end":{"line":12,"column":30}},"loc":{"start":{"line":12,"column":38},"end":{"line":17,"column":1}},"line":12},"2":{"name":"updateAvailableComments","decl":{"start":{"line":19,"column":16},"end":{"line":19,"column":39}},"loc":{"start":{"line":19,"column":49},"end":{"line":24,"column":1}},"line":19},"3":{"name":"createComment","decl":{"start":{"line":26,"column":16},"end":{"line":26,"column":29}},"loc":{"start":{"line":26,"column":38},"end":{"line":38,"column":1}},"line":26},"4":{"name":"(anonymous_4)","decl":{"start":{"line":27,"column":11},"end":{"line":27,"column":12}},"loc":{"start":{"line":27,"column":23},"end":{"line":37,"column":5}},"line":27},"5":{"name":"(anonymous_5)","decl":{"start":{"line":29,"column":18},"end":{"line":29,"column":19}},"loc":{"start":{"line":29,"column":25},"end":{"line":29,"column":35}},"line":29},"6":{"name":"(anonymous_6)","decl":{"start":{"line":30,"column":18},"end":{"line":30,"column":19}},"loc":{"start":{"line":30,"column":29},"end":{"line":35,"column":14}},"line":30},"7":{"name":"(anonymous_7)","decl":{"start":{"line":36,"column":19},"end":{"line":36,"column":20}},"loc":{"start":{"line":36,"column":26},"end":{"line":36,"column":52}},"line":36},"8":{"name":"getCommentsByPost","decl":{"start":{"line":40,"column":16},"end":{"line":40,"column":33}},"loc":{"start":{"line":40,"column":41},"end":{"line":47,"column":1}},"line":40},"9":{"name":"(anonymous_9)","decl":{"start":{"line":41,"column":11},"end":{"line":41,"column":12}},"loc":{"start":{"line":41,"column":23},"end":{"line":46,"column":5}},"line":41},"10":{"name":"(anonymous_10)","decl":{"start":{"line":43,"column":18},"end":{"line":43,"column":19}},"loc":{"start":{"line":43,"column":25},"end":{"line":43,"column":35}},"line":43},"11":{"name":"(anonymous_11)","decl":{"start":{"line":44,"column":18},"end":{"line":44,"column":19}},"loc":{"start":{"line":44,"column":30},"end":{"line":44,"column":83}},"line":44},"12":{"name":"(anonymous_12)","decl":{"start":{"line":45,"column":19},"end":{"line":45,"column":20}},"loc":{"start":{"line":45,"column":26},"end":{"line":45,"column":52}},"line":45}},"branchMap":{},"s":{"0":1,"1":0,"2":0,"3":1,"4":1,"5":1,"6":1,"7":0,"8":0,"9":0,"10":0,"11":0,"12":0},"f":{"0":1,"1":0,"2":0,"3":1,"4":1,"5":1,"6":1,"7":0,"8":0,"9":0,"10":0,"11":0,"12":0},"b":{},"_coverageSchema":"332fd63041d2c1bcb487cc26dd0d5f7d97098a6c","hash":"92b0f51e2bd18239f8c32c3ed63e13ad1c60052a"}
,"D:\\os\\domains\\react-app\\src\\actions\\error.js": {"path":"D:\\os\\domains\\react-app\\src\\actions\\error.js","statementMap":{"0":{"start":{"line":4,"column":2},"end":{"line":8,"column":4}}},"fnMap":{"0":{"name":"createError","decl":{"start":{"line":3,"column":16},"end":{"line":3,"column":27}},"loc":{"start":{"line":3,"column":41},"end":{"line":9,"column":1}},"line":3}},"branchMap":{},"s":{"0":0},"f":{"0":0},"b":{},"_coverageSchema":"332fd63041d2c1bcb487cc26dd0d5f7d97098a6c","hash":"d2a810d43ffb0b2e1bd7c731a71c6f8a73a33c2c"}
,"D:\\os\\domains\\react-app\\src\\constants\\initialState.js": {"path":"D:\\os\\domains\\react-app\\src\\constants\\initialState.js","statementMap":{},"fnMap":{},"branchMap":{},"s":{},"f":{},"b":{},"_coverageSchema":"332fd63041d2c1bcb487cc26dd0d5f7d97098a6c","hash":"39b485cf9e0728ea48c9784dc04fe53ec4a33d7c"}
,"D:\\os\\domains\\react-app\\src\\constants\\types.js": {"path":"D:\\os\\domains\\react-app\\src\\constants\\types.js","statementMap":{"0":{"start":{"line":1,"column":19},"end":{"line":5,"column":1}},"1":{"start":{"line":7,"column":24},"end":{"line":12,"column":1}}},"fnMap":{},"branchMap":{},"s":{"0":1,"1":1},"f":{},"b":{},"_coverageSchema":"332fd63041d2c1bcb487cc26dd0d5f7d97098a6c","hash":"bf8bf41defd88080f985378ff35ca5f7a754611d"}
,"D:\\os\\domains\\react-app\\src\\shared\\http.js": {"path":"D:\\os\\domains\\react-app\\src\\shared\\http.js","statementMap":{"0":{"start":{"line":4,"column":4},"end":{"line":4,"column":60}},"1":{"start":{"line":8,"column":4},"end":{"line":8,"column":50}},"2":{"start":{"line":12,"column":26},"end":{"line":12,"column":46}},"3":{"start":{"line":13,"column":19},"end":{"line":18,"column":5}},"4":{"start":{"line":19,"column":4},"end":{"line":19,"column":39}},"5":{"start":{"line":20,"column":4},"end":{"line":20,"column":18}},"6":{"start":{"line":24,"column":4},"end":{"line":24,"column":61}},"7":{"start":{"line":28,"column":4},"end":{"line":28,"column":81}}},"fnMap":{"0":{"name":"post","decl":{"start":{"line":3,"column":9},"end":{"line":3,"column":13}},"loc":{"start":{"line":3,"column":27},"end":{"line":5,"column":1}},"line":3},"1":{"name":"get","decl":{"start":{"line":7,"column":9},"end":{"line":7,"column":12}},"loc":{"start":{"line":7,"column":17},"end":{"line":9,"column":1}},"line":7},"2":{"name":"generateFetchConfig","decl":{"start":{"line":11,"column":9},"end":{"line":11,"column":28}},"loc":{"start":{"line":11,"column":50},"end":{"line":21,"column":1}},"line":11},"3":{"name":"createComment","decl":{"start":{"line":23,"column":16},"end":{"line":23,"column":29}},"loc":{"start":{"line":23,"column":38},"end":{"line":25,"column":1}},"line":23},"4":{"name":"getCommentsByPost","decl":{"start":{"line":27,"column":16},"end":{"line":27,"column":33}},"loc":{"start":{"line":27,"column":41},"end":{"line":29,"column":1}},"line":27}},"branchMap":{"0":{"loc":{"start":{"line":11,"column":37},"end":{"line":11,"column":48}},"type":"default-arg","locations":[{"start":{"line":11,"column":44},"end":{"line":11,"column":48}}],"line":11}},"s":{"0":0,"1":0,"2":0,"3":0,"4":0,"5":0,"6":0,"7":0},"f":{"0":0,"1":0,"2":0,"3":0,"4":0},"b":{"0":[0]},"_coverageSchema":"332fd63041d2c1bcb487cc26dd0d5f7d97098a6c","hash":"e3afa7bd6a56e08085918acb858ada60e0e82f11"}
}
