TN:
SF:D:\os\domains\react-app\src\actions\comments.js
FN:5,showComments
FN:12,toggleComments
FN:19,updateAvailableComments
FN:26,createComment
FN:27,(anonymous_4)
FN:29,(anonymous_5)
FN:30,(anonymous_6)
FN:36,(anonymous_7)
FN:40,getCommentsByPost
FN:41,(anonymous_9)
FN:43,(anonymous_10)
FN:44,(anonymous_11)
FN:45,(anonymous_12)
FNF:13
FNH:5
FNDA:1,showComments
FNDA:0,toggleComments
FNDA:0,updateAvailableComments
FNDA:1,createComment
FNDA:1,(anonymous_4)
FNDA:1,(anonymous_5)
FNDA:1,(anonymous_6)
FNDA:0,(anonymous_7)
FNDA:0,getCommentsByPost
FNDA:0,(anonymous_9)
FNDA:0,(anonymous_10)
FNDA:0,(anonymous_11)
FNDA:0,(anonymous_12)
DA:6,1
DA:13,0
DA:20,0
DA:27,1
DA:28,1
DA:29,1
DA:30,1
DA:36,0
DA:41,0
DA:42,0
DA:43,0
DA:44,0
DA:45,0
LF:13
LH:5
BRF:0
BRH:0
end_of_record
TN:
SF:D:\os\domains\react-app\src\actions\error.js
FN:3,createError
FNF:1
FNH:0
FNDA:0,createError
DA:4,0
LF:1
LH:0
BRF:0
BRH:0
end_of_record
TN:
SF:D:\os\domains\react-app\src\constants\initialState.js
FNF:0
FNH:0
LF:0
LH:0
BRF:0
BRH:0
end_of_record
TN:
SF:D:\os\domains\react-app\src\constants\types.js
FNF:0
FNH:0
DA:1,1
DA:7,1
LF:2
LH:2
BRF:0
BRH:0
end_of_record
TN:
SF:D:\os\domains\react-app\src\shared\http.js
FN:3,post
FN:7,get
FN:11,generateFetchConfig
FN:23,createComment
FN:27,getCommentsByPost
FNF:5
FNH:0
FNDA:0,post
FNDA:0,get
FNDA:0,generateFetchConfig
FNDA:0,createComment
FNDA:0,getCommentsByPost
DA:4,0
DA:8,0
DA:12,0
DA:13,0
DA:19,0
DA:20,0
DA:24,0
DA:28,0
LF:8
LH:0
BRDA:11,0,0,0
BRF:1
BRH:0
end_of_record
